<?xml version="1.0" encoding="UTF-8"?>
<Site BuildName="(empty)"
	BuildStamp="20240819-0407-Experimental"
	Name="robostation.local"
	Generator="ctest-3.16.3"
	CompilerName="/usr/bin/c++"
	CompilerVersion="9.4.0"
	OSName="Linux"
	Hostname="robostation.local"
	OSRelease="5.15.0-117-generic"
	OSVersion="#127~20.04.1-Ubuntu SMP Thu Jul 11 15:36:12 UTC 2024"
	OSPlatform="x86_64"
	Is64Bits="1"
	VendorString="GenuineIntel"
	VendorID="Intel Corporation"
	FamilyID="6"
	ModelID="151"
	ProcessorCacheSize="18432"
	NumberOfLogicalCPU="12"
	NumberOfPhysicalCPU="6"
	TotalVirtualMemory="15615"
	TotalPhysicalMemory="15605"
	LogicalProcessorsPerPhysical="2"
	ProcessorClockFrequency="3991.96"
	>
	<Testing>
		<StartDateTime>Aug 19 13:07 KST</StartDateTime>
		<StartTestTime>1724040432</StartTestTime>
		<TestList/>
		<EndDateTime>Aug 19 13:07 KST</EndDateTime>
		<EndTestTime>1724040432</EndTestTime>
		<ElapsedMinutes>0</ElapsedMinutes>
	</Testing>
</Site>
